<?xml version="1.0" encoding="UTF-8"?>
<testsuite xmlns:xsi="http://www.w3.org/2001/XMLSchema-instance" xsi:noNamespaceSchemaLocation="https://maven.apache.org/surefire/maven-surefire-plugin/xsd/surefire-test-report-3.0.xsd" version="3.0" name="runners.TestRunner" time="38.635" tests="3" errors="0" skipped="0" failures="0">
  <properties>
[...]
</properties>
  <testcase name="Login with multiple users #1" classname="Login functionality" time="26.756">
    <system-out><![CDATA[
Scenario Outline: Login with multiple users                   &amp#27;[90m# src/test/resources/features/Login.feature:11&amp#27;[0m
  &amp#27;[32mGiven &amp#27;[0m&amp#27;[32muser is on login page&amp#27;[0m                                 &amp#27;[90m# stepDefinitions.LoginSteps.user_is_on_login_page()&amp#27;[0m
  &amp#27;[32mWhen &amp#27;[0m&amp#27;[32muser enters username &amp#27;[0m&amp#27;[32m&amp#27;[1m"user1"&amp#27;[0m&amp#27;[32m and password &amp#27;[0m&amp#27;[32m&amp#27;[1m"pass@ABC12"&amp#27;[0m &amp#27;[90m# stepDefinitions.LoginSteps.user_enters_credentials(java.lang.String,java.lang.String)&amp#27;[0m
  &amp#27;[32mAnd &amp#27;[0m&amp#27;[32mclicks on login button&amp#27;[0m                                  &amp#27;[90m# stepDefinitions.LoginSteps.clicks_on_login_button()&amp#27;[0m
  &amp#27;[32mThen &amp#27;[0m&amp#27;[32mlogin should be &amp#27;[0m&amp#27;[32m&amp#27;[1m"success"&amp#27;[0m                              &amp#27;[90m# stepDefinitions.LoginSteps.login_should_be(java.lang.String)&amp#27;[0m
]]></system-out>
    <system-err><![CDATA[SLF4J(W): No SLF4J providers were found.
SLF4J(W): Defaulting to no-operation (NOP) logger implementation
SLF4J(W): See https://www.slf4j.org/codes.html#noProviders for further details.
Apr 23, 2026 12:01:31 PM org.openqa.selenium.devtools.CdpVersionFinder findNearestMatch
WARNING: Unable to find CDP implementation matching 147
Apr 23, 2026 12:01:31 PM org.openqa.selenium.chromium.ChromiumDriver lambda$new$5
WARNING: Unable to find version of CDP to use for 147.0.7727.56. You may need to include a dependency on a specific version of the CDP using something similar to `org.seleniumhq.selenium:selenium-devtools-v86:4.21.0` where the version ("v86") matches the version of the chromium-based browser you're using and the version number of the artifact is the same as Selenium's.
]]></system-err>
  </testcase>
  <testcase name="Login with multiple users #2" classname="Login functionality" time="5.999">
    <system-out><![CDATA[
Scenario Outline: Login with multiple users                   &amp#27;[90m# src/test/resources/features/Login.feature:12&amp#27;[0m
  &amp#27;[32mGiven &amp#27;[0m&amp#27;[32muser is on login page&amp#27;[0m                                 &amp#27;[90m# stepDefinitions.LoginSteps.user_is_on_login_page()&amp#27;[0m
  &amp#27;[32mWhen &amp#27;[0m&amp#27;[32muser enters username &amp#27;[0m&amp#27;[32m&amp#27;[1m"user2"&amp#27;[0m&amp#27;[32m and password &amp#27;[0m&amp#27;[32m&amp#27;[1m"pass@DEF34"&amp#27;[0m &amp#27;[90m# stepDefinitions.LoginSteps.user_enters_credentials(java.lang.String,java.lang.String)&amp#27;[0m
  &amp#27;[32mAnd &amp#27;[0m&amp#27;[32mclicks on login button&amp#27;[0m                                  &amp#27;[90m# stepDefinitions.LoginSteps.clicks_on_login_button()&amp#27;[0m
  &amp#27;[32mThen &amp#27;[0m&amp#27;[32mlogin should be &amp#27;[0m&amp#27;[32m&amp#27;[1m"success"&amp#27;[0m                              &amp#27;[90m# stepDefinitions.LoginSteps.login_should_be(java.lang.String)&amp#27;[0m
]]></system-out>
    <system-err><![CDATA[Apr 23, 2026 12:01:54 PM org.openqa.selenium.devtools.CdpVersionFinder findNearestMatch
WARNING: Unable to find CDP implementation matching 147
Apr 23, 2026 12:01:54 PM org.openqa.selenium.chromium.ChromiumDriver lambda$new$5
WARNING: Unable to find version of CDP to use for 147.0.7727.56. You may need to include a dependency on a specific version of the CDP using something similar to `org.seleniumhq.selenium:selenium-devtools-v86:4.21.0` where the version ("v86") matches the version of the chromium-based browser you're using and the version number of the artifact is the same as Selenium's.
]]></system-err>
  </testcase>
  <testcase name="Login with multiple users #3" classname="Login functionality" time="5.042">
    <system-out><![CDATA[
Scenario Outline: Login with multiple users                   &amp#27;[90m# src/test/resources/features/Login.feature:13&amp#27;[0m
  &amp#27;[32mGiven &amp#27;[0m&amp#27;[32muser is on login page&amp#27;[0m                                 &amp#27;[90m# stepDefinitions.LoginSteps.user_is_on_login_page()&amp#27;[0m
  &amp#27;[32mWhen &amp#27;[0m&amp#27;[32muser enters username &amp#27;[0m&amp#27;[32m&amp#27;[1m"user3"&amp#27;[0m&amp#27;[32m and password &amp#27;[0m&amp#27;[32m&amp#27;[1m"pass@IJK56"&amp#27;[0m &amp#27;[90m# stepDefinitions.LoginSteps.user_enters_credentials(java.lang.String,java.lang.String)&amp#27;[0m
  &amp#27;[32mAnd &amp#27;[0m&amp#27;[32mclicks on login button&amp#27;[0m                                  &amp#27;[90m# stepDefinitions.LoginSteps.clicks_on_login_button()&amp#27;[0m
  &amp#27;[32mThen &amp#27;[0m&amp#27;[32mlogin should be &amp#27;[0m&amp#27;[32m&amp#27;[1m"failure"&amp#27;[0m                              &amp#27;[90m# stepDefinitions.LoginSteps.login_should_be(java.lang.String)&amp#27;[0m
]]></system-out>
    <system-err><![CDATA[Apr 23, 2026 12:02:00 PM org.openqa.selenium.devtools.CdpVersionFinder findNearestMatch
WARNING: Unable to find CDP implementation matching 147
Apr 23, 2026 12:02:00 PM org.openqa.selenium.chromium.ChromiumDriver lambda$new$5
WARNING: Unable to find version of CDP to use for 147.0.7727.56. You may need to include a dependency on a specific version of the CDP using something similar to `org.seleniumhq.selenium:selenium-devtools-v86:4.21.0` where the version ("v86") matches the version of the chromium-based browser you're using and the version number of the artifact is the same as Selenium's.
]]></system-err>
  </testcase>
</testsuite>