<?xml version="1.0" encoding="UTF-8"?>
<testsuite xmlns:xsi="http://www.w3.org/2001/XMLSchema-instance" xsi:noNamespaceSchemaLocation="https://maven.apache.org/surefire/maven-surefire-plugin/xsd/surefire-test-report-3.0.xsd" version="3.0" name="runners.TestRunner" time="13.435" tests="3" errors="0" skipped="0" failures="0">
  <properties>
[...]
</properties>
  <testcase name="Login with multiple users #1" classname="Login API" time="8.086">
    <system-out><![CDATA[Feature file generated successfully!
Feature file generated from Excel

@api
Scenario Outline: Login with multiple users                                                           &amp#27;[90m# src/test/resources/features/generated.feature:11&amp#27;[0m
  &amp#27;[32mGiven &amp#27;[0m&amp#27;[32muser sets DemoQA base URI&amp#27;[0m                                                                     &amp#27;[90m# stepDefinitions.LoginSteps.set_base_uri()&amp#27;[0m
HTTP/1.1 200 OK
Server: nginx/1.17.10 (Ubuntu)
Date: Sun, 26 Apr 2026 11:26:14 GMT
Content-Type: application/json; charset=utf-8
Content-Length: 362
Connection: keep-alive
X-Powered-By: Express
ETag: W/"16a-Pt0kiAXMEEj5247Z0F8oCqi5ZhQ"

{
    "userId": "e3e4bea7-cc3f-40d9-a8b8-c4d42ca9f6a5",
    "username": "user1",
    "password": "pass@ABC12",
    "token": "eyJhbGciOiJIUzI1NiIsInR5cCI6IkpXVCJ9.eyJ1c2VyTmFtZSI6InVzZXIxIiwicGFzc3dvcmQiOiJwYXNzQEFCQzEyIiwiaWF0IjoxNzc2OTI5NjEzfQ.-zOejzWp0nQj6s1_pgYNly0gjya_u4cHVPk-38aAyiE",
    "expires": "2026-04-30T07:33:33.000Z",
    "created_date": "2026-04-20T06:30:17.000Z",
    "isActive": false
}
  &amp#27;[32mWhen &amp#27;[0m&amp#27;[32muser sends POST request to &amp#27;[0m&amp#27;[32m&amp#27;[1m"/Account/v1/Login"&amp#27;[0m&amp#27;[32m with username &amp#27;[0m&amp#27;[32m&amp#27;[1m"user1"&amp#27;[0m&amp#27;[32m and password &amp#27;[0m&amp#27;[32m&amp#27;[1m"pass@ABC12"&amp#27;[0m &amp#27;[90m# stepDefinitions.LoginSteps.send_post_request(java.lang.String,java.lang.String,java.lang.String)&amp#27;[0m
Response Body: {"userId":"e3e4bea7-cc3f-40d9-a8b8-c4d42ca9f6a5","username":"user1","password":"pass@ABC12","token":"eyJhbGciOiJIUzI1NiIsInR5cCI6IkpXVCJ9.eyJ1c2VyTmFtZSI6InVzZXIxIiwicGFzc3dvcmQiOiJwYXNzQEFCQzEyIiwiaWF0IjoxNzc2OTI5NjEzfQ.-zOejzWp0nQj6s1_pgYNly0gjya_u4cHVPk-38aAyiE","expires":"2026-04-30T07:33:33.000Z","created_date":"2026-04-20T06:30:17.000Z","isActive":false}
  &amp#27;[32mThen &amp#27;[0m&amp#27;[32mlogin response should be &amp#27;[0m&amp#27;[32m&amp#27;[1m"success"&amp#27;[0m                                                             &amp#27;[90m# stepDefinitions.LoginSteps.validate_login(java.lang.String)&amp#27;[0m
]]></system-out>
    <system-err><![CDATA[SLF4J(W): No SLF4J providers were found.
SLF4J(W): Defaulting to no-operation (NOP) logger implementation
SLF4J(W): See https://www.slf4j.org/codes.html#noProviders for further details.
ERROR StatusLogger Log4j2 could not find a logging implementation. Please add log4j-core to the classpath. Using SimpleLogger to log to the console...
]]></system-err>
  </testcase>
  <testcase name="Login with multiple users #2" classname="Login API" time="0.823">
    <system-out><![CDATA[
@api
Scenario Outline: Login with multiple users                                                           &amp#27;[90m# src/test/resources/features/generated.feature:12&amp#27;[0m
  &amp#27;[32mGiven &amp#27;[0m&amp#27;[32muser sets DemoQA base URI&amp#27;[0m                                                                     &amp#27;[90m# stepDefinitions.LoginSteps.set_base_uri()&amp#27;[0m
HTTP/1.1 200 OK
Server: nginx/1.17.10 (Ubuntu)
Date: Sun, 26 Apr 2026 11:26:17 GMT
Content-Type: application/json; charset=utf-8
Content-Length: 362
Connection: keep-alive
X-Powered-By: Express
ETag: W/"16a-hn65qh5sSTQP5qoJt1WlXpOO0w4"

{
    "userId": "5532d5ef-111a-4681-b655-081876041152",
    "username": "user2",
    "password": "pass@DEF34",
    "token": "eyJhbGciOiJIUzI1NiIsInR5cCI6IkpXVCJ9.eyJ1c2VyTmFtZSI6InVzZXIyIiwicGFzc3dvcmQiOiJwYXNzQERFRjM0IiwiaWF0IjoxNzc2OTI5NjIxfQ.L9CXsncN0sYLmDwRxg0yfi2Pn1_7W-6r2BSX0a96wys",
    "expires": "2026-04-30T07:33:41.000Z",
    "created_date": "2026-04-20T06:31:02.000Z",
    "isActive": false
}
  &amp#27;[32mWhen &amp#27;[0m&amp#27;[32muser sends POST request to &amp#27;[0m&amp#27;[32m&amp#27;[1m"/Account/v1/Login"&amp#27;[0m&amp#27;[32m with username &amp#27;[0m&amp#27;[32m&amp#27;[1m"user2"&amp#27;[0m&amp#27;[32m and password &amp#27;[0m&amp#27;[32m&amp#27;[1m"pass@DEF34"&amp#27;[0m &amp#27;[90m# stepDefinitions.LoginSteps.send_post_request(java.lang.String,java.lang.String,java.lang.String)&amp#27;[0m
Response Body: {"userId":"5532d5ef-111a-4681-b655-081876041152","username":"user2","password":"pass@DEF34","token":"eyJhbGciOiJIUzI1NiIsInR5cCI6IkpXVCJ9.eyJ1c2VyTmFtZSI6InVzZXIyIiwicGFzc3dvcmQiOiJwYXNzQERFRjM0IiwiaWF0IjoxNzc2OTI5NjIxfQ.L9CXsncN0sYLmDwRxg0yfi2Pn1_7W-6r2BSX0a96wys","expires":"2026-04-30T07:33:41.000Z","created_date":"2026-04-20T06:31:02.000Z","isActive":false}
  &amp#27;[32mThen &amp#27;[0m&amp#27;[32mlogin response should be &amp#27;[0m&amp#27;[32m&amp#27;[1m"success"&amp#27;[0m                                                             &amp#27;[90m# stepDefinitions.LoginSteps.validate_login(java.lang.String)&amp#27;[0m
]]></system-out>
  </testcase>
  <testcase name="Login with multiple users #3" classname="Login API" time="1.267">
    <system-out><![CDATA[
@api
Scenario Outline: Login with multiple users                                                           &amp#27;[90m# src/test/resources/features/generated.feature:13&amp#27;[0m
  &amp#27;[32mGiven &amp#27;[0m&amp#27;[32muser sets DemoQA base URI&amp#27;[0m                                                                     &amp#27;[90m# stepDefinitions.LoginSteps.set_base_uri()&amp#27;[0m
HTTP/1.1 200 OK
Server: nginx/1.17.10 (Ubuntu)
Date: Sun, 26 Apr 2026 11:26:18 GMT
Content-Length: 0
Connection: keep-alive
X-Powered-By: Express
ETag: W/"0-2jmj7l5rSw0yVb/vlWAYkK/YBwk"
  &amp#27;[32mWhen &amp#27;[0m&amp#27;[32muser sends POST request to &amp#27;[0m&amp#27;[32m&amp#27;[1m"/Account/v1/Login"&amp#27;[0m&amp#27;[32m with username &amp#27;[0m&amp#27;[32m&amp#27;[1m"user3"&amp#27;[0m&amp#27;[32m and password &amp#27;[0m&amp#27;[32m&amp#27;[1m"pass@IJK56"&amp#27;[0m &amp#27;[90m# stepDefinitions.LoginSteps.send_post_request(java.lang.String,java.lang.String,java.lang.String)&amp#27;[0m
Response Body: 
Empty response received from API
  &amp#27;[32mThen &amp#27;[0m&amp#27;[32mlogin response should be &amp#27;[0m&amp#27;[32m&amp#27;[1m"failure"&amp#27;[0m                                                             &amp#27;[90m# stepDefinitions.LoginSteps.validate_login(java.lang.String)&amp#27;[0m
]]></system-out>
  </testcase>
</testsuite>